str input "Please enter an integer number: " 
str eol "\n" 
push   
push r0  
push r1  
push r2  
push r3  
jsr FUNC_main  
sys halt   
label FUNC_factorial  
link 2  
move 1 r0 
cmpi $2 r0 
jne ELSE_1  
move 1 r0 
move r0 $7 
unlnk   
ret   
jmp END_IF_ELSE_2  
label ELSE_1  
move 1 r0 
move $2 r1 
subi r0 r1 
push   
push r0  
push r1  
push r2  
push r3  
push r1  
jsr FUNC_factorial  
pop   
pop r3  
pop r2  
pop r1  
pop r0  
pop r0  
move r0 $-2 
move $-2 r0 
muli $2 r0 
move r0 $-1 
label END_IF_ELSE_2  
move $-1 r0 
move r0 $7 
unlnk   
ret   
unlnk   
ret   
label FUNC_main  
link 2  
sys writes input 
sys readi $-1 
move 1 r0 
cmpi $-1 r0 
jne ELSE_3  
move 1 r0 
move r0 $-2 
jmp END_IF_ELSE_4  
label ELSE_3  
move 1 r0 
cmpi $-1 r0 
jle ELSE_5  
push   
push r0  
push r1  
push r2  
push r3  
push $-1  
jsr FUNC_factorial  
pop   
pop r3  
pop r2  
pop r1  
pop r0  
pop r0  
move r0 $-2 
jmp END_IF_ELSE_6  
label ELSE_5  
move 0 r0 
move r0 $-2 
label END_IF_ELSE_6  
label END_IF_ELSE_4  
sys writei $-2 
sys writes eol 
unlnk   
ret   
unlnk   
ret   
