;*****IR Start Unoptimized*****
;0>> PUSH
;1>> PUSH
;2>> PUSH
;3>> PUSH
;4>> PUSH
;5>> JSR FUNC_id_main_L
;6>> HALT
;7>> LABEL FUNC_id_add_L
;8>> LINK 2
;9>> ADDF $3 $2 !T0
;10>> STOREF !T0 $-1
;11>> STOREF $-1 $8
;12>> UNLINK
;13>> RET
;14>> LABEL FUNC_id_main_L
;15>> LINK 6
;16>> WRITES id_intro
;17>> WRITES id_first
;18>> READF $-1
;19>> WRITES id_second
;20>> READF $-2
;21>> WRITES id_third
;22>> READF $-3
;23>> PUSH
;24>> PUSHREG
;25>> PUSH $-1
;26>> PUSH $-2
;27>> JSR FUNC_id_multiply_L
;28>> POP
;29>> POP
;30>> POPREG
;31>> POP !T2
;32>> STOREF !T2 $-5
;33>> PUSH
;34>> PUSHREG
;35>> PUSH $-5
;36>> PUSH $-3
;37>> JSR FUNC_id_add_L
;38>> POP
;39>> POP
;40>> POPREG
;41>> POP !T3
;42>> STOREF !T3 $-4
;43>> WRITEF $-1
;44>> WRITES id_star
;45>> WRITEF $-2
;46>> WRITES id_plus
;47>> WRITEF $-3
;48>> WRITES id_equal
;49>> WRITEF $-4
;50>> WRITES id_eol
;51>> STOREI 0 !T4
;52>> STOREI !T4 $6
;53>> UNLINK
;54>> RET
;55>> LABEL FUNC_id_multiply_L
;56>> LINK 2
;57>> MULTF $3 $2 !T1
;58>> STOREF !T1 $-1
;59>> STOREF $-1 $8
;60>> UNLINK
;61>> RET
;*****IR End Unoptimized*****
;*****Start Tiny Code Unoptimized*****
;str id_intro "You will be asked for three float numbers\n"
;str id_first "Please enter the first float number: "
;str id_second "Please enter the second float number: "
;str id_third "Please enter the third float number: "
;str id_eol "\n"
;str id_star "*"
;str id_plus "+"
;str id_equal "="
;push
;push
;push
;push
;push
;jsr FUNC_id_main_L
;sys halt
;label FUNC_id_add_L
;link 2
;move $3 r0
;move $2 r1
;move r0 r2
;addr r1 r2
;move r2 r0
;move r0 $8
;unlnk
;ret
;label FUNC_id_main_L
;link 6
;sys writes id_intro
;sys writes id_first
;sys readr r0
;sys writes id_second
;sys readr r1
;sys writes id_third
;sys readr r2
;push
;push r0
;push r1
;push r2
;push r3
;push r0
;push r1
;jsr FUNC_id_multiply_L
;pop
;pop
;pop r3
;pop r2
;pop r1
;pop r0
;pop r3
;move r0 $-1
;move r3 r0
;push
;push r0
;push r1
;push r2
;push r3
;push r0
;push r2
;jsr FUNC_id_add_L
;pop
;pop
;pop r3
;pop r2
;pop r1
;pop r0
;pop r0
;move r0 r3
;sys writer $-1
;sys writes id_star
;sys writer r1
;sys writes id_plus
;sys writer r2
;sys writes id_equal
;sys writer r3
;sys writes id_eol
;move 0 r0
;move r0 $6
;unlnk
;ret
;label FUNC_id_multiply_L
;link 2
;move $3 r0
;move $2 r1
;move r0 r2
;mulr r1 r2
;move r2 r0
;move r0 $8
;unlnk
;ret
;*****End Tiny Code Unoptimized*****

;*****IR Start Optimized*****
;0>> PUSH
;1>> PUSH
;2>> PUSH
;3>> PUSH
;4>> PUSH
;5>> JSR FUNC_id_main_L
;6>> HALT
;7>> LABEL FUNC_id_add_L
;8>> LINK 2
;9>> ADDF $3 $2 !T0
;10>> STOREF !T0 $-1
;11>> STOREF $-1 $8
;12>> UNLINK
;13>> RET
;14>> LABEL FUNC_id_main_L
;15>> LINK 6
;16>> WRITES id_intro
;17>> WRITES id_first
;18>> READF $-1
;19>> WRITES id_second
;20>> READF $-2
;21>> WRITES id_third
;22>> READF $-3
;23>> PUSH
;24>> PUSHREG
;25>> PUSH $-1
;26>> PUSH $-2
;27>> JSR FUNC_id_multiply_L
;28>> POP
;29>> POP
;30>> POPREG
;31>> POP !T2
;32>> STOREF !T2 $-5
;33>> PUSH
;34>> PUSHREG
;35>> PUSH $-5
;36>> PUSH $-3
;37>> JSR FUNC_id_add_L
;38>> POP
;39>> POP
;40>> POPREG
;41>> POP !T3
;42>> STOREF !T3 $-4
;43>> WRITEF $-1
;44>> WRITES id_star
;45>> WRITEF $-2
;46>> WRITES id_plus
;47>> WRITEF $-3
;48>> WRITES id_equal
;49>> WRITEF $-4
;50>> WRITES id_eol
;51>> STOREI 0 !T4
;52>> STOREI !T4 $6
;53>> UNLINK
;54>> RET
;55>> LABEL FUNC_id_multiply_L
;56>> LINK 2
;57>> MULTF $3 $2 !T1
;58>> STOREF !T1 $-1
;59>> STOREF $-1 $8
;60>> UNLINK
;61>> RET
;*****IR End Optimized*****
;*****Start Tiny Code Optimized*****
str id_intro "You will be asked for three float numbers\n"
str id_first "Please enter the first float number: "
str id_second "Please enter the second float number: "
str id_third "Please enter the third float number: "
str id_eol "\n"
str id_star "*"
str id_plus "+"
str id_equal "="
push
push
push
push
push
jsr FUNC_id_main_L
sys halt
label FUNC_id_add_L
link 2
move $3 r0
move $2 r1
move r0 r2
addr r1 r2
move r2 $8
unlnk
ret
label FUNC_id_main_L
link 6
sys writes id_intro
sys writes id_first
sys readr r0
sys writes id_second
sys readr r1
sys writes id_third
sys readr r2
push
push r0
push r1
push r2
push r3
push r0
push r1
jsr FUNC_id_multiply_L
pop
pop
pop r3
pop r2
pop r1
pop r0
pop r3
move r0 $-1
move r3 r0
push
push r0
push r1
push r2
push r3
push r0
push r2
jsr FUNC_id_add_L
pop
pop
pop r3
pop r2
pop r1
pop r0
pop r0
move r0 r3
sys writer $-1
sys writes id_star
sys writer r1
sys writes id_plus
sys writer r2
sys writes id_equal
sys writer r3
sys writes id_eol
move 0 $6
unlnk
ret
label FUNC_id_multiply_L
link 2
move $3 r0
move $2 r1
move r0 r2
mulr r1 r2
move r2 $8
unlnk
ret
;*****End Tiny Code Optimized*****
