;IR code
;PUSH   
;PUSHREGS   
;JSR FUNC_main  
;HALT   
;LABEL FUNC_factorial  
;LINK 2  
;STOREI 1 !T0 
;NEI $2 !T0 ELSE_1
;STOREI 1 !T1 
;STOREI !T1 $7 
;UNLINK   
;RET   
;JUMP END_IF_ELSE1  
;LABEL ELSE_1  
;STOREI 1 !T3 
;SUBI $2 !T3 !T2
;PUSH   
;PUSHREGS   
;PUSH !T2  
;JSR FUNC_factorial  
;POP   
;POPREGS   
;POP !T4  
;STOREI !T4 $-2 
;MULI $-2 $2 !T5
;STOREI !T5 $-1 
;LABEL END_IF_ELSE1  
;STOREI $-1 !T6 
;STOREI !T6 $7 
;UNLINK   
;RET   
;UNLINK   
;RET   
;LABEL FUNC_main  
;LINK 2  
;WRITES input  
;READI $-1  
;STOREI 1 !T7 
;NEI $-1 !T7 ELSE_2
;STOREI 1 !T8 
;STOREI !T8 $-2 
;JUMP END_IF_ELSE2  
;LABEL ELSE_2  
;STOREI 1 !T9 
;LEI $-1 !T9 ELSE_3
;PUSH   
;PUSHREGS   
;PUSH $-1  
;JSR FUNC_factorial  
;POP   
;POPREGS   
;POP !T10  
;STOREI !T10 $-2 
;JUMP END_IF_ELSE3  
;LABEL ELSE_3  
;STOREI 0 !T11 
;STOREI !T11 $-2 
;LABEL END_IF_ELSE3  
;LABEL END_IF_ELSE2  
;WRITEI $-2  
;WRITES eol  
;UNLINK   
;RET   
;UNLINK   
;RET   
str input "Please enter an integer number: "
str eol "\n"
push  
push r0
push r1
push r2
push r3
jsr  FUNC_main
sys halt
label  FUNC_factorial
link  2
move 1 r0
cmpi  $2 r0
jne  ELSE_1
move 1 r1
move r1 $7
unlnk
ret
jmp  END_IF_ELSE1
label  ELSE_1
move 1 r3
move $2 r2
subi r3 r2
push  
push r0
push r1
push r2
push r3
push  r2
jsr  FUNC_factorial
pop  
pop r3
pop r2
pop r1
pop r0
pop  r4
move r4 $-2
move $-2 r5
muli $2 r5
move r5 $-1
label  END_IF_ELSE1
move $-1 r6
move r6 $7
unlnk
ret
unlnk
ret
label  FUNC_main
link  2
sys writes input 
sys readi $-1 
move 1 r7
cmpi  $-1 r7
jne  ELSE_2
move 1 r8
move r8 $-2
jmp  END_IF_ELSE2
label  ELSE_2
move 1 r9
cmpi  $-1 r9
jle  ELSE_3
push  
push r0
push r1
push r2
push r3
push  $-1
jsr  FUNC_factorial
pop  
pop r3
pop r2
pop r1
pop r0
pop  r10
move r10 $-2
jmp  END_IF_ELSE3
label  ELSE_3
move 0 r11
move r11 $-2
label  END_IF_ELSE3
label  END_IF_ELSE2
sys writei $-2 
sys writes eol 
unlnk
ret
unlnk
ret