;IR code
;PUSH   
;PUSHREGS   
;JSR FUNC_main  
;HALT   
;LABEL FUNC_add  
;LINK 1  
;ADDF $2 $3 !T0
;STOREF !T0 $-1 
;STOREF $-1 !T1 
;STOREF !T1 $8 
;UNLINK   
;RET   
;UNLINK   
;RET   
;LABEL FUNC_multiply  
;LINK 1  
;MULF $2 $3 !T2
;STOREF !T2 $-1 
;STOREF $-1 !T3 
;STOREF !T3 $8 
;UNLINK   
;RET   
;UNLINK   
;RET   
;LABEL FUNC_main  
;LINK 5  
;WRITES intro  
;WRITES first  
;READF $-1  
;WRITES second  
;READF $-2  
;WRITES third  
;READF $-3  
;PUSH   
;PUSHREGS   
;PUSH $-1  
;PUSH $-2  
;JSR FUNC_multiply  
;POP   
;POP   
;POPREGS   
;POP !T4  
;STOREF !T4 $-5 
;PUSH   
;PUSHREGS   
;PUSH $-5  
;PUSH $-3  
;JSR FUNC_add  
;POP   
;POP   
;POPREGS   
;POP !T5  
;STOREF !T5 $-4 
;WRITEF $-1  
;WRITES star  
;WRITEF $-2  
;WRITES plus  
;WRITEF $-3  
;WRITES equal  
;WRITEF $-4  
;WRITES eol  
;UNLINK   
;RET   
;UNLINK   
;RET   
str intro "You will be asked for three float numbers\n"
str first "Please enter the first float number: "
str second "Please enter the second float number: "
str third "Please enter the third float number: "
str eol "\n"
str star "*"
str plus "+"
str equal "="
push  
push r0
push r1
push r2
push r3
jsr  FUNC_main
sys halt
label  FUNC_add
link  1
move $2 r0
addr $3 r0
move r0 $-1
move $-1 r1
move r1 $8
unlnk
ret
unlnk
ret
label  FUNC_multiply
link  1
move $2 r2
mulr $3 r2
move r2 $-1
move $-1 r3
move r3 $8
unlnk
ret
unlnk
ret
label  FUNC_main
link  5
sys writes intro 
sys writes first 
sys readr $-1 
sys writes second 
sys readr $-2 
sys writes third 
sys readr $-3 
push  
push r0
push r1
push r2
push r3
push  $-1
push  $-2
jsr  FUNC_multiply
pop  
pop  
pop r3
pop r2
pop r1
pop r0
pop  r4
move r4 $-5
push  
push r0
push r1
push r2
push r3
push  $-5
push  $-3
jsr  FUNC_add
pop  
pop  
pop r3
pop r2
pop r1
pop r0
pop  r5
move r5 $-4
sys writer $-1 
sys writes star 
sys writer $-2 
sys writes plus 
sys writer $-3 
sys writes equal 
sys writer $-4 
sys writes eol 
unlnk
ret
unlnk
ret
