;IR code   
;PUSH    
;PUSHREGS    
;JSR FUNC_main   
;HALT    
;LABEL FUNC_main   
;LINK 1   
;STOREI 7 !T0  
;STOREI !T0 !T1  
;STOREI !T1 num  
;STOREI 2 !T2  
;STOREI !T2 !T3  
;STOREI !T3 i  
;STOREI 42 !T4  
;STOREI !T4 !T5  
;STOREI !T5 a  
;STOREI 5 !T6  
;STOREF !T6 !T7  
;GEI i !T7 ELSE_1 
;ADDI num a !T9 
;STOREI !T9 !T10  
;STOREI !T10 num  
;STOREI 3 !T11  
;STOREF !T11 !T12  
;GEI i !T12 ELSE_2 
;ADDI num a !T14 
;STOREI !T14 !T15  
;STOREI !T15 num  
;JUMP END_IF_ELSE_3   
;LABEL ELSE_2   
;LABEL END_IF_ELSE_3   
;JUMP END_IF_ELSE_4   
;LABEL ELSE_1   
;STOREI 5 !T16  
;STOREF !T16 !T17  
;LTI i !T17 ELSE_5 
;SUBI num a !T19 
;STOREI !T19 !T20  
;STOREI !T20 num  
;JUMP END_IF_ELSE_6   
;LABEL ELSE_5   
;LABEL END_IF_ELSE_6   
;LABEL END_IF_ELSE_4   
;WRITEI num   
;RET    
var i  
var a  
var num  
push    
jsr  FUNC_main  
sys halt   
label  FUNC_main  
link  1  
move 7 r0 
move r0 r1 
move r1 num 
move 2 r2 
move r2 r3 
move r3 i 
move 42 r4 
move r4 r5 
move r5 a 
move 5 r6 
move r6 r7 
cmpi  i r7 
jge  ELSE_1  
move num r9 
addi a r9 
move r9 r10 
move r10 num 
move 3 r11 
move r11 r12 
cmpi  i r12 
jge  ELSE_2  
move num r14 
addi a r14 
move r14 r15 
move r15 num 
jmp  END_IF_ELSE_3  
label  ELSE_2  
label  END_IF_ELSE_3  
jmp  END_IF_ELSE_4  
label  ELSE_1  
move 5 r16 
move r16 r17 
cmpi  i r17 
jlt  ELSE_5  
move num r19 
subi a r19 
move r19 r20 
move r20 num 
jmp  END_IF_ELSE_6  
label  ELSE_5  
label  END_IF_ELSE_6  
label  END_IF_ELSE_4  
sys writei num 
unlnk
ret
